[2019-06-16 21:22:44.696] [sharedprocess] [info] main {"machineId":"4c00d3273f4af4a697ad083f39c621c73468f131ac8110ec0cd29a2123914354"}
[2019-06-16 21:22:44.716] [sharedprocess] [info] Scanned user extensions: 0
[2019-06-16 21:22:44.720] [sharedprocess] [info] Scanned user extensions: 0
[2019-06-16 21:22:44.724] [sharedprocess] [info] Scanned user extensions: 0
[2019-06-16 21:22:44.730] [sharedprocess] [info] Scanned user extensions: 0
[2019-06-16 21:22:44.774] [sharedprocess] [info] Scanned system extensions: 72
[2019-06-16 21:22:44.775] [sharedprocess] [info] Scanned system extensions: 72
[2019-06-16 21:22:44.776] [sharedprocess] [info] Scanned system extensions: 72
[2019-06-16 21:22:44.778] [sharedprocess] [info] Scanned system extensions: 72
[2019-06-16 21:22:44.789] [sharedprocess] [info] Scanned user extensions: 0
[2019-06-16 21:22:44.802] [sharedprocess] [info] Scanned system extensions: 72
[2019-06-16 21:22:44.888] [sharedprocess] [info] Scanned user extensions: 0
[2019-06-16 21:22:48.148] [sharedprocess] [info] Scanned user extensions: 0
[2019-06-16 21:22:48.149] [sharedprocess] [info] Scanned user extensions: 0
[2019-06-16 21:22:48.150] [sharedprocess] [info] Scanned user extensions: 0
[2019-06-16 21:22:48.153] [sharedprocess] [info] Scanned user extensions: 0
[2019-06-16 21:22:48.185] [sharedprocess] [info] Scanned system extensions: 72
[2019-06-16 21:22:48.186] [sharedprocess] [info] Scanned system extensions: 72
[2019-06-16 21:22:48.188] [sharedprocess] [info] Scanned system extensions: 72
[2019-06-16 21:22:48.194] [sharedprocess] [info] Scanned user extensions: 0
[2019-06-16 21:22:48.206] [sharedprocess] [info] Scanned system extensions: 72
[2019-06-16 21:22:48.208] [sharedprocess] [info] Scanned user extensions: 0
[2019-06-16 21:22:48.209] [sharedprocess] [info] Scanned user extensions: 0
[2019-06-16 21:22:48.229] [sharedprocess] [info] Scanned system extensions: 72
[2019-06-16 21:22:48.230] [sharedprocess] [info] Scanned system extensions: 72
[2019-06-16 21:22:55.576] [sharedprocess] [info] Installing extension: arcticicestudio.nord-visual-studio-code
[2019-06-16 21:22:55.578] [sharedprocess] [info] Scanned user extensions: 0
[2019-06-16 21:22:55.794] [sharedprocess] [info] Downloaded extension: arcticicestudio.nord-visual-studio-code /tmp/99395c8d-723c-45ef-8c69-527af439cabf
[2019-06-16 21:22:55.806] [sharedprocess] [info] Extracted extension to /home/mbednarek360/.vscode-oss/extensions/.arcticicestudio.nord-visual-studio-code-0.10.0: arcticicestudio.nord-visual-studio-code
[2019-06-16 21:22:55.807] [sharedprocess] [info] Renamed to /home/mbednarek360/.vscode-oss/extensions/arcticicestudio.nord-visual-studio-code-0.10.0
[2019-06-16 21:22:55.807] [sharedprocess] [info] Installation completed. arcticicestudio.nord-visual-studio-code
[2019-06-16 21:22:55.811] [sharedprocess] [info] Extensions installed successfully: arcticicestudio.nord-visual-studio-code
[2019-06-16 21:23:04.442] [sharedprocess] [info] Installing extension: rust-lang.rust
[2019-06-16 21:23:04.443] [sharedprocess] [info] Scanned user extensions: 1
[2019-06-16 21:23:04.577] [sharedprocess] [info] Downloaded extension: rust-lang.rust /tmp/1d88989a-a8a9-4016-9645-a63c03fee752
[2019-06-16 21:23:04.649] [sharedprocess] [info] Extracted extension to /home/mbednarek360/.vscode-oss/extensions/.rust-lang.rust-0.6.1: rust-lang.rust
[2019-06-16 21:23:04.649] [sharedprocess] [info] Renamed to /home/mbednarek360/.vscode-oss/extensions/rust-lang.rust-0.6.1
[2019-06-16 21:23:04.650] [sharedprocess] [info] Installation completed. rust-lang.rust
[2019-06-16 21:23:04.654] [sharedprocess] [info] Extensions installed successfully: rust-lang.rust
[2019-06-16 21:23:09.002] [sharedprocess] [info] Scanned user extensions: 2
[2019-06-16 21:23:09.015] [sharedprocess] [info] Scanned system extensions: 72
[2019-06-16 21:23:09.024] [sharedprocess] [info] Scanned user extensions: 2
[2019-06-16 21:23:09.034] [sharedprocess] [info] Scanned system extensions: 72
[2019-06-16 21:23:18.137] [sharedprocess] [info] Installing extension: pkief.material-icon-theme
[2019-06-16 21:23:18.138] [sharedprocess] [info] Scanned user extensions: 2
[2019-06-16 21:23:18.251] [sharedprocess] [info] Downloaded extension: pkief.material-icon-theme /tmp/4ccfa1a5-d26d-44d5-950b-5d62b5699b7f
[2019-06-16 21:23:18.544] [sharedprocess] [info] Extracted extension to /home/mbednarek360/.vscode-oss/extensions/.pkief.material-icon-theme-3.8.0: pkief.material-icon-theme
[2019-06-16 21:23:18.544] [sharedprocess] [info] Renamed to /home/mbednarek360/.vscode-oss/extensions/pkief.material-icon-theme-3.8.0
[2019-06-16 21:23:18.545] [sharedprocess] [info] Installation completed. pkief.material-icon-theme
[2019-06-16 21:23:18.548] [sharedprocess] [info] Extensions installed successfully: pkief.material-icon-theme
[2019-06-16 21:23:24.704] [sharedprocess] [info] Starting to clean up unused language packs.
[2019-06-16 21:27:44.899] [sharedprocess] [info] Scanned user extensions: 3
[2019-06-16 21:32:44.908] [sharedprocess] [info] Scanned user extensions: 3
