[2019-06-14 13:42:41.214] [exthost] [info] extension host started
[2019-06-14 13:42:41.243] [exthost] [info] ExtensionService#_doActivateExtension vscode.debug-auto-launch {"startup":true,"activationEvent":"*"}
[2019-06-14 13:42:41.243] [exthost] [info] ExtensionService#loadCommonJSModule /usr/lib/code-oss/resources/app/extensions/debug-auto-launch/dist/extension
[2019-06-14 13:42:41.248] [exthost] [info] ExtensionService#_doActivateExtension vscode.emmet {"startup":true,"activationEvent":"*"}
[2019-06-14 13:42:41.248] [exthost] [info] ExtensionService#loadCommonJSModule /usr/lib/code-oss/resources/app/extensions/emmet/dist/extension
[2019-06-14 13:42:41.269] [exthost] [info] ExtensionService#_doActivateExtension vscode.git {"startup":true,"activationEvent":"*"}
[2019-06-14 13:42:41.269] [exthost] [info] ExtensionService#loadCommonJSModule /usr/lib/code-oss/resources/app/extensions/git/dist/main
[2019-06-14 13:42:41.387] [exthost] [info] ExtensionService#_doActivateExtension vscode.merge-conflict {"startup":true,"activationEvent":"*"}
[2019-06-14 13:42:41.387] [exthost] [info] ExtensionService#loadCommonJSModule /usr/lib/code-oss/resources/app/extensions/merge-conflict/dist/extension
[2019-06-14 13:42:41.392] [exthost] [info] ExtensionService#_doActivateExtension PKief.material-icon-theme {"startup":true,"activationEvent":"*"}
[2019-06-14 13:42:41.393] [exthost] [info] ExtensionService#loadCommonJSModule /home/mbednarek360/.vscode-oss/extensions/pkief.material-icon-theme-3.8.0/dist/extension
[2019-06-14 13:42:41.417] [exthost] [info] ExtensionService#_doActivateExtension rust-lang.rust {"startup":true,"activationEvent":"workspaceContains:Cargo.toml"}
[2019-06-14 13:42:41.417] [exthost] [info] ExtensionService#loadCommonJSModule /home/mbednarek360/.vscode-oss/extensions/rust-lang.rust-0.6.1/out/extension.js
[2019-06-14 13:42:41.518] [exthost] [info] eager extensions activated
[2019-06-14 13:43:33.768] [exthost] [info] ExtensionService#_doActivateExtension vscode.configuration-editing {"startup":false,"activationEvent":"onLanguage:jsonc"}
[2019-06-14 13:43:33.768] [exthost] [info] ExtensionService#loadCommonJSModule /usr/lib/code-oss/resources/app/extensions/configuration-editing/dist/extension
[2019-06-14 13:43:33.786] [exthost] [info] ExtensionService#_doActivateExtension vscode.json-language-features {"startup":false,"activationEvent":"onLanguage:jsonc"}
[2019-06-14 13:43:33.786] [exthost] [info] ExtensionService#loadCommonJSModule /usr/lib/code-oss/resources/app/extensions/json-language-features/client/dist/jsonMain
[2019-06-14 13:43:33.890] [exthost] [info] ExtensionService#_doActivateExtension vscode.typescript-language-features {"startup":false,"activationEvent":"onLanguage:jsonc"}
[2019-06-14 13:43:33.890] [exthost] [info] ExtensionService#loadCommonJSModule /usr/lib/code-oss/resources/app/extensions/typescript-language-features/dist/extension
[2019-06-14 13:45:41.884] [exthost] [info] ExtensionService#_doActivateExtension kalitaalexey.vscode-rust {"startup":false,"activationEvent":"onLanguage:rust"}
[2019-06-14 13:45:41.884] [exthost] [info] ExtensionService#loadCommonJSModule /home/mbednarek360/.vscode-oss/extensions/kalitaalexey.vscode-rust-0.4.2/out/src/extension
