[2019-06-14 13:45:53.912] [exthost] [info] extension host started
[2019-06-14 13:45:53.992] [exthost] [info] ExtensionService#_doActivateExtension kalitaalexey.vscode-rust {"startup":false,"activationEvent":"onLanguage:rust"}
[2019-06-14 13:45:53.992] [exthost] [info] ExtensionService#loadCommonJSModule /home/mbednarek360/.vscode-oss/extensions/kalitaalexey.vscode-rust-0.4.2/out/src/extension
[2019-06-14 13:45:54.153] [exthost] [info] ExtensionService#_doActivateExtension vscode.debug-auto-launch {"startup":true,"activationEvent":"*"}
[2019-06-14 13:45:54.154] [exthost] [info] ExtensionService#loadCommonJSModule /usr/lib/code-oss/resources/app/extensions/debug-auto-launch/dist/extension
[2019-06-14 13:45:54.160] [exthost] [info] ExtensionService#_doActivateExtension vscode.emmet {"startup":true,"activationEvent":"*"}
[2019-06-14 13:45:54.160] [exthost] [info] ExtensionService#loadCommonJSModule /usr/lib/code-oss/resources/app/extensions/emmet/dist/extension
[2019-06-14 13:45:54.190] [exthost] [info] ExtensionService#_doActivateExtension vscode.git {"startup":true,"activationEvent":"*"}
[2019-06-14 13:45:54.190] [exthost] [info] ExtensionService#loadCommonJSModule /usr/lib/code-oss/resources/app/extensions/git/dist/main
[2019-06-14 13:45:54.305] [exthost] [info] ExtensionService#_doActivateExtension vscode.merge-conflict {"startup":true,"activationEvent":"*"}
[2019-06-14 13:45:54.305] [exthost] [info] ExtensionService#loadCommonJSModule /usr/lib/code-oss/resources/app/extensions/merge-conflict/dist/extension
[2019-06-14 13:45:54.311] [exthost] [info] ExtensionService#_doActivateExtension PKief.material-icon-theme {"startup":true,"activationEvent":"*"}
[2019-06-14 13:45:54.311] [exthost] [info] ExtensionService#loadCommonJSModule /home/mbednarek360/.vscode-oss/extensions/pkief.material-icon-theme-3.8.0/dist/extension
[2019-06-14 13:45:54.329] [exthost] [info] eager extensions activated
[2019-06-14 13:45:57.563] [exthost] [info] ExtensionService#_doActivateExtension vscode.configuration-editing {"startup":false,"activationEvent":"onLanguage:jsonc"}
[2019-06-14 13:45:57.564] [exthost] [info] ExtensionService#loadCommonJSModule /usr/lib/code-oss/resources/app/extensions/configuration-editing/dist/extension
[2019-06-14 13:45:57.591] [exthost] [info] ExtensionService#_doActivateExtension vscode.json-language-features {"startup":false,"activationEvent":"onLanguage:jsonc"}
[2019-06-14 13:45:57.591] [exthost] [info] ExtensionService#loadCommonJSModule /usr/lib/code-oss/resources/app/extensions/json-language-features/client/dist/jsonMain
[2019-06-14 13:45:57.745] [exthost] [info] ExtensionService#_doActivateExtension vscode.typescript-language-features {"startup":false,"activationEvent":"onLanguage:jsonc"}
[2019-06-14 13:45:57.745] [exthost] [info] ExtensionService#loadCommonJSModule /usr/lib/code-oss/resources/app/extensions/typescript-language-features/dist/extension
[2019-06-14 13:47:14.962] [exthost] [info] ExtensionService#_doActivateExtension rust-lang.rust {"startup":false,"activationEvent":"onLanguage:rust"}
[2019-06-14 13:47:14.962] [exthost] [info] ExtensionService#loadCommonJSModule /home/mbednarek360/.vscode-oss/extensions/rust-lang.rust-0.6.1/out/extension.js
