[2019-06-14 13:42:42.300] [sharedprocess] [info] main {"machineId":"48b119bc1107ff184fa364393cb8662037429b8d5ca80cca738f42f58e6f51f7"}
[2019-06-14 13:42:42.348] [sharedprocess] [info] Scanned user extensions: 3
[2019-06-14 13:42:42.366] [sharedprocess] [info] Scanned user extensions: 3
[2019-06-14 13:42:42.367] [sharedprocess] [info] Scanned user extensions: 3
[2019-06-14 13:42:42.411] [sharedprocess] [info] Scanned system extensions: 72
[2019-06-14 13:42:42.415] [sharedprocess] [info] Scanned system extensions: 72
[2019-06-14 13:42:42.442] [sharedprocess] [info] Scanned user extensions: 3
[2019-06-14 13:42:42.466] [sharedprocess] [info] Scanned system extensions: 72
[2019-06-14 13:42:43.125] [sharedprocess] [info] Scanned user extensions: 3
[2019-06-14 13:43:22.317] [sharedprocess] [info] Starting to clean up unused language packs.
[2019-06-14 13:45:19.044] [sharedprocess] [info] Scanned user extensions: 3
[2019-06-14 13:45:19.048] [sharedprocess] [info] Scanned user extensions: 3
[2019-06-14 13:45:19.050] [sharedprocess] [info] Scanned user extensions: 3
[2019-06-14 13:45:19.053] [sharedprocess] [info] Scanned user extensions: 3
[2019-06-14 13:45:19.146] [sharedprocess] [info] Scanned system extensions: 72
[2019-06-14 13:45:19.151] [sharedprocess] [info] Scanned system extensions: 72
[2019-06-14 13:45:19.155] [sharedprocess] [info] Scanned system extensions: 72
[2019-06-14 13:45:19.190] [sharedprocess] [info] Scanned user extensions: 3
[2019-06-14 13:45:19.215] [sharedprocess] [info] Scanned user extensions: 3
[2019-06-14 13:45:19.237] [sharedprocess] [info] Scanned user extensions: 3
[2019-06-14 13:45:19.253] [sharedprocess] [info] Scanned system extensions: 72
[2019-06-14 13:45:19.291] [sharedprocess] [info] Scanned system extensions: 72
[2019-06-14 13:45:19.301] [sharedprocess] [info] Scanned system extensions: 72
[2019-06-14 13:45:24.470] [sharedprocess] [info] Scanned user extensions: 3
[2019-06-14 13:45:24.471] [sharedprocess] [info] Uninstalling extension: rust-lang.rust
[2019-06-14 13:45:24.478] [sharedprocess] [info] Scanned user extensions: 3
[2019-06-14 13:45:24.484] [sharedprocess] [info] Successfully uninstalled extension: rust-lang.rust
[2019-06-14 13:45:37.008] [sharedprocess] [info] Installing extension: kalitaalexey.vscode-rust
[2019-06-14 13:45:37.028] [sharedprocess] [info] Scanned user extensions: 2
[2019-06-14 13:45:40.942] [sharedprocess] [info] Downloaded extension: kalitaalexey.vscode-rust /tmp/199ed4d1-45bb-48cc-bae4-db96cc54c323
[2019-06-14 13:45:41.440] [sharedprocess] [info] Extracted extension to /home/mbednarek360/.vscode-oss/extensions/.kalitaalexey.vscode-rust-0.4.2: kalitaalexey.vscode-rust
[2019-06-14 13:45:41.440] [sharedprocess] [info] Renamed to /home/mbednarek360/.vscode-oss/extensions/kalitaalexey.vscode-rust-0.4.2
[2019-06-14 13:45:41.442] [sharedprocess] [info] Installation completed. kalitaalexey.vscode-rust
[2019-06-14 13:45:41.452] [sharedprocess] [info] Extensions installed successfully: kalitaalexey.vscode-rust
