[2019-06-16 21:22:42.609] [exthost] [info] extension host started
[2019-06-16 21:22:42.629] [exthost] [info] ExtensionService#_doActivateExtension vscode.debug-auto-launch {"startup":true,"activationEvent":"*"}
[2019-06-16 21:22:42.629] [exthost] [info] ExtensionService#loadCommonJSModule /usr/lib/code-oss/resources/app/extensions/debug-auto-launch/dist/extension
[2019-06-16 21:22:42.631] [exthost] [info] ExtensionService#_doActivateExtension vscode.emmet {"startup":true,"activationEvent":"*"}
[2019-06-16 21:22:42.631] [exthost] [info] ExtensionService#loadCommonJSModule /usr/lib/code-oss/resources/app/extensions/emmet/dist/extension
[2019-06-16 21:22:42.641] [exthost] [info] ExtensionService#_doActivateExtension vscode.git {"startup":true,"activationEvent":"*"}
[2019-06-16 21:22:42.641] [exthost] [info] ExtensionService#loadCommonJSModule /usr/lib/code-oss/resources/app/extensions/git/dist/main
[2019-06-16 21:22:42.694] [exthost] [info] ExtensionService#_doActivateExtension vscode.merge-conflict {"startup":true,"activationEvent":"*"}
[2019-06-16 21:22:42.694] [exthost] [info] ExtensionService#loadCommonJSModule /usr/lib/code-oss/resources/app/extensions/merge-conflict/dist/extension
[2019-06-16 21:22:42.699] [exthost] [info] eager extensions activated
[2019-06-16 21:23:04.683] [exthost] [info] ExtensionService#_doActivateExtension rust-lang.rust {"startup":false,"activationEvent":"workspaceContains:Cargo.toml"}
[2019-06-16 21:23:04.683] [exthost] [info] ExtensionService#loadCommonJSModule /home/mbednarek360/.vscode-oss/extensions/rust-lang.rust-0.6.1/out/extension.js
[2019-06-16 21:23:18.577] [exthost] [info] ExtensionService#_doActivateExtension PKief.material-icon-theme {"startup":false,"activationEvent":"*"}
[2019-06-16 21:23:18.577] [exthost] [info] ExtensionService#loadCommonJSModule /home/mbednarek360/.vscode-oss/extensions/pkief.material-icon-theme-3.8.0/dist/extension
[2019-06-16 21:23:30.451] [exthost] [info] ExtensionService#_doActivateExtension vscode.configuration-editing {"startup":false,"activationEvent":"onLanguage:jsonc"}
[2019-06-16 21:23:30.451] [exthost] [info] ExtensionService#loadCommonJSModule /usr/lib/code-oss/resources/app/extensions/configuration-editing/dist/extension
[2019-06-16 21:23:30.455] [exthost] [info] ExtensionService#_doActivateExtension vscode.json-language-features {"startup":false,"activationEvent":"onLanguage:jsonc"}
[2019-06-16 21:23:30.455] [exthost] [info] ExtensionService#loadCommonJSModule /usr/lib/code-oss/resources/app/extensions/json-language-features/client/dist/jsonMain
[2019-06-16 21:23:30.492] [exthost] [info] ExtensionService#_doActivateExtension vscode.typescript-language-features {"startup":false,"activationEvent":"onLanguage:jsonc"}
[2019-06-16 21:23:30.492] [exthost] [info] ExtensionService#loadCommonJSModule /usr/lib/code-oss/resources/app/extensions/typescript-language-features/dist/extension
