[2019-06-14 14:06:13.403] [exthost] [info] extension host started
[2019-06-14 14:06:13.439] [exthost] [info] ExtensionService#_doActivateExtension vscode.debug-auto-launch {"startup":true,"activationEvent":"*"}
[2019-06-14 14:06:13.439] [exthost] [info] ExtensionService#loadCommonJSModule /usr/lib/code-oss/resources/app/extensions/debug-auto-launch/dist/extension
[2019-06-14 14:06:13.445] [exthost] [info] ExtensionService#_doActivateExtension vscode.emmet {"startup":true,"activationEvent":"*"}
[2019-06-14 14:06:13.445] [exthost] [info] ExtensionService#loadCommonJSModule /usr/lib/code-oss/resources/app/extensions/emmet/dist/extension
[2019-06-14 14:06:13.479] [exthost] [info] ExtensionService#_doActivateExtension vscode.git {"startup":true,"activationEvent":"*"}
[2019-06-14 14:06:13.479] [exthost] [info] ExtensionService#loadCommonJSModule /usr/lib/code-oss/resources/app/extensions/git/dist/main
[2019-06-14 14:06:13.607] [exthost] [info] ExtensionService#_doActivateExtension vscode.merge-conflict {"startup":true,"activationEvent":"*"}
[2019-06-14 14:06:13.607] [exthost] [info] ExtensionService#loadCommonJSModule /usr/lib/code-oss/resources/app/extensions/merge-conflict/dist/extension
[2019-06-14 14:06:13.613] [exthost] [info] ExtensionService#_doActivateExtension PKief.material-icon-theme {"startup":true,"activationEvent":"*"}
[2019-06-14 14:06:13.613] [exthost] [info] ExtensionService#loadCommonJSModule /home/mbednarek360/.vscode-oss/extensions/pkief.material-icon-theme-3.8.0/dist/extension
[2019-06-14 14:06:13.643] [exthost] [info] ExtensionService#_doActivateExtension rust-lang.rust {"startup":true,"activationEvent":"workspaceContains:Cargo.toml"}
[2019-06-14 14:06:13.643] [exthost] [info] ExtensionService#loadCommonJSModule /home/mbednarek360/.vscode-oss/extensions/rust-lang.rust-0.6.1/out/extension.js
[2019-06-14 14:06:13.744] [exthost] [info] eager extensions activated
[2019-06-14 14:06:23.702] [exthost] [info] ExtensionService#_doActivateExtension vscode.grunt {"startup":false,"activationEvent":"onCommand:workbench.action.tasks.runTask"}
[2019-06-14 14:06:23.702] [exthost] [info] ExtensionService#loadCommonJSModule /usr/lib/code-oss/resources/app/extensions/grunt/dist/main
[2019-06-14 14:06:23.714] [exthost] [info] ExtensionService#_doActivateExtension vscode.gulp {"startup":false,"activationEvent":"onCommand:workbench.action.tasks.runTask"}
[2019-06-14 14:06:23.714] [exthost] [info] ExtensionService#loadCommonJSModule /usr/lib/code-oss/resources/app/extensions/gulp/dist/main
[2019-06-14 14:06:23.724] [exthost] [info] ExtensionService#_doActivateExtension vscode.jake {"startup":false,"activationEvent":"onCommand:workbench.action.tasks.runTask"}
[2019-06-14 14:06:23.724] [exthost] [info] ExtensionService#loadCommonJSModule /usr/lib/code-oss/resources/app/extensions/jake/dist/main
[2019-06-14 14:06:23.734] [exthost] [info] ExtensionService#_doActivateExtension vscode.npm {"startup":false,"activationEvent":"onCommand:workbench.action.tasks.runTask"}
[2019-06-14 14:06:23.734] [exthost] [info] ExtensionService#loadCommonJSModule /usr/lib/code-oss/resources/app/extensions/npm/dist/main
[2019-06-14 14:06:23.789] [exthost] [info] ExtensionService#_doActivateExtension vscode.typescript-language-features {"startup":false,"activationEvent":"onCommand:workbench.action.tasks.runTask"}
[2019-06-14 14:06:23.789] [exthost] [info] ExtensionService#loadCommonJSModule /usr/lib/code-oss/resources/app/extensions/typescript-language-features/dist/extension
